Línea 21: la clase SSCommand del control btn no era una clase de control cargada.
Línea 38: la clase SSCommand del control btn no era una clase de control cargada.
Línea 55: la clase SSCommand del control btn no era una clase de control cargada.
Línea 72: la clase SSFrame del control Frame3D no era una clase de control cargada.
Línea 87: la clase SSOption del control Final no era una clase de control cargada.
Línea 102: la clase SSOption del control Final no era una clase de control cargada.
Línea 118: la clase SSFrame del control Frame3D no era una clase de control cargada.
Línea 22: el nombre de la propiedad BevelWidth de btn no es válido.
Línea 23: el nombre de la propiedad Caption de btn no es válido.
Línea 33: el nombre de la propiedad Outline de btn no es válido.
Línea 39: el nombre de la propiedad BevelWidth de btn no es válido.
Línea 40: el nombre de la propiedad Caption de btn no es válido.
Línea 50: el nombre de la propiedad Outline de btn no es válido.
Línea 56: el nombre de la propiedad BevelWidth de btn no es válido.
Línea 57: el nombre de la propiedad Caption de btn no es válido.
Línea 67: el nombre de la propiedad Outline de btn no es válido.
Línea 73: el nombre de la propiedad Caption de Frame3D no es válido.
Línea 88: el nombre de la propiedad Caption de Final no es válido.
Línea 103: el nombre de la propiedad Caption de Final no es válido.
Línea 119: el nombre de la propiedad Caption de Frame3D no es válido.
