Línea 21: la clase SSFrame del control Frame3D1 no era una clase de control cargada.
Línea 110: la clase MListBox del control MList1 no era una clase de control cargada.
Línea 22: el nombre de la propiedad Caption de Frame3D1 no es válido.
Línea 111: el nombre de la propiedad AddItemHeight de MList1 no es válido.
Línea 112: el nombre de la propiedad Alignment de MList1 no es válido.
Línea 113: el nombre de la propiedad AllowFocusRect de MList1 no es válido.
Línea 114: el nombre de la propiedad AutoCheck de MList1 no es válido.
Línea 116: el nombre de la propiedad CheckColor de MList1 no es válido.
Línea 117: el nombre de la propiedad CheckStyle de MList1 no es válido.
Línea 118: el nombre de la propiedad DefPicture de MList1 no es válido.
Línea 119: el nombre de la propiedad DrawRegions de MList1 no es válido.
Línea 120: el nombre de la propiedad EnableVirtualMsgs de MList1 no es válido.
Línea 121: el nombre de la propiedad ExtendedSelect de MList1 no es válido.
Línea 122: el nombre de la propiedad FallColor de MList1 no es válido.
Línea 123: el nombre de la propiedad FindDirection de MList1 no es válido.
Línea 124: el nombre de la propiedad FindResult de MList1 no es válido.
Línea 131: el nombre de la propiedad GridColor de MList1 no es válido.
Línea 132: el nombre de la propiedad GridStyle de MList1 no es válido.
Línea 134: el nombre de la propiedad HiliteBackColor de MList1 no es válido.
Línea 135: el nombre de la propiedad HiliteForeColor de MList1 no es válido.
Línea 136: el nombre de la propiedad HorizontalGrids de MList1 no es válido.
Línea 137: el nombre de la propiedad ImageRegion de MList1 no es válido.
Línea 138: el nombre de la propiedad ImageType de MList1 no es válido.
Línea 139: el nombre de la propiedad ItemHeight de MList1 no es válido.
Línea 140: el nombre de la propiedad ItemWidth de MList1 no es válido.
Línea 142: el nombre de la propiedad ListBoxStyle de MList1 no es válido.
Línea 143: el nombre de la propiedad MaskingColor de MList1 no es válido.
Línea 144: el nombre de la propiedad MultiColumn de MList1 no es válido.
Línea 145: el nombre de la propiedad MultiSelect de MList1 no es válido.
Línea 146: el nombre de la propiedad NoIntegralHeight de MList1 no es válido.
Línea 147: el nombre de la propiedad OwnerCompare de MList1 no es válido.
Línea 148: el nombre de la propiedad OwnerDraw de MList1 no es válido.
Línea 149: el nombre de la propiedad RiseColor de MList1 no es válido.
Línea 150: el nombre de la propiedad SearchCompare de MList1 no es válido.
Línea 151: el nombre de la propiedad SelectMode de MList1 no es válido.
Línea 152: el nombre de la propiedad SortColumn de MList1 no es válido.
Línea 153: el nombre de la propiedad Sorted de MList1 no es válido.
Línea 154: el nombre de la propiedad SortOrder de MList1 no es válido.
Línea 155: el nombre de la propiedad StringCompare de MList1 no es válido.
Línea 158: el nombre de la propiedad Version de MList1 no es válido.
Línea 159: el nombre de la propiedad VerticalGrids de MList1 no es válido.
Línea 160: el nombre de la propiedad VirtualMsgZone de MList1 no es válido.
