Línea 20: la clase SSCommand del control btn no era una clase de control cargada.
Línea 37: la clase SSCommand del control btn no era una clase de control cargada.
Línea 54: la clase SSCommand del control btn no era una clase de control cargada.
Línea 71: la clase MListBox del control List1 no era una clase de control cargada.
Línea 21: el nombre de la propiedad BevelWidth de btn no es válido.
Línea 22: el nombre de la propiedad Caption de btn no es válido.
Línea 32: el nombre de la propiedad Outline de btn no es válido.
Línea 38: el nombre de la propiedad BevelWidth de btn no es válido.
Línea 39: el nombre de la propiedad Caption de btn no es válido.
Línea 49: el nombre de la propiedad Outline de btn no es válido.
Línea 55: el nombre de la propiedad BevelWidth de btn no es válido.
Línea 56: el nombre de la propiedad Caption de btn no es válido.
Línea 66: el nombre de la propiedad Outline de btn no es válido.
Línea 72: el nombre de la propiedad AddItemHeight de List1 no es válido.
Línea 73: el nombre de la propiedad Alignment de List1 no es válido.
Línea 74: el nombre de la propiedad AllowFocusRect de List1 no es válido.
Línea 75: el nombre de la propiedad AutoCheck de List1 no es válido.
Línea 77: el nombre de la propiedad CheckColor de List1 no es válido.
Línea 78: el nombre de la propiedad CheckStyle de List1 no es válido.
Línea 79: el nombre de la propiedad DefPicture de List1 no es válido.
Línea 80: el nombre de la propiedad DrawRegions de List1 no es válido.
Línea 81: el nombre de la propiedad EnableVirtualMsgs de List1 no es válido.
Línea 82: el nombre de la propiedad ExtendedSelect de List1 no es válido.
Línea 83: el nombre de la propiedad FallColor de List1 no es válido.
Línea 84: el nombre de la propiedad FindDirection de List1 no es válido.
Línea 85: el nombre de la propiedad FindResult de List1 no es válido.
Línea 92: el nombre de la propiedad GridColor de List1 no es válido.
Línea 93: el nombre de la propiedad GridStyle de List1 no es válido.
Línea 95: el nombre de la propiedad HiliteBackColor de List1 no es válido.
Línea 96: el nombre de la propiedad HiliteForeColor de List1 no es válido.
Línea 97: el nombre de la propiedad HorizontalGrids de List1 no es válido.
Línea 98: el nombre de la propiedad ImageRegion de List1 no es válido.
Línea 99: el nombre de la propiedad ImageType de List1 no es válido.
Línea 100: el nombre de la propiedad ItemHeight de List1 no es válido.
Línea 101: el nombre de la propiedad ItemWidth de List1 no es válido.
Línea 103: el nombre de la propiedad ListBoxStyle de List1 no es válido.
Línea 104: el nombre de la propiedad MaskingColor de List1 no es válido.
Línea 105: el nombre de la propiedad MultiColumn de List1 no es válido.
Línea 106: el nombre de la propiedad MultiSelect de List1 no es válido.
Línea 107: el nombre de la propiedad NoIntegralHeight de List1 no es válido.
Línea 108: el nombre de la propiedad OwnerCompare de List1 no es válido.
Línea 109: el nombre de la propiedad OwnerDraw de List1 no es válido.
Línea 110: el nombre de la propiedad RiseColor de List1 no es válido.
Línea 111: el nombre de la propiedad SearchCompare de List1 no es válido.
Línea 112: el nombre de la propiedad SelectMode de List1 no es válido.
Línea 113: el nombre de la propiedad SortColumn de List1 no es válido.
Línea 114: el nombre de la propiedad Sorted de List1 no es válido.
Línea 115: el nombre de la propiedad SortOrder de List1 no es válido.
Línea 116: el nombre de la propiedad StringCompare de List1 no es válido.
Línea 119: el nombre de la propiedad Version de List1 no es válido.
Línea 120: el nombre de la propiedad VerticalGrids de List1 no es válido.
Línea 121: el nombre de la propiedad VirtualMsgZone de List1 no es válido.
