Línea 20: la clase MListBox del control List2 no era una clase de control cargada.
Línea 73: la clase SSCommand del control btn no era una clase de control cargada.
Línea 91: la clase SSCommand del control btn no era una clase de control cargada.
Línea 109: la clase SSCommand del control btn no era una clase de control cargada.
Línea 127: la clase SSCommand del control btn no era una clase de control cargada.
Línea 145: la clase SSCommand del control btn no era una clase de control cargada.
Línea 163: la clase SSCommand del control btn no era una clase de control cargada.
Línea 181: la clase SSCommand del control btn no era una clase de control cargada.
Línea 199: la clase MListBox del control List1 no era una clase de control cargada.
Línea 21: el nombre de la propiedad AddItemHeight de List2 no es válido.
Línea 22: el nombre de la propiedad Alignment de List2 no es válido.
Línea 23: el nombre de la propiedad AllowFocusRect de List2 no es válido.
Línea 24: el nombre de la propiedad AutoCheck de List2 no es válido.
Línea 26: el nombre de la propiedad CheckColor de List2 no es válido.
Línea 27: el nombre de la propiedad CheckStyle de List2 no es válido.
Línea 28: el nombre de la propiedad DefPicture de List2 no es válido.
Línea 29: el nombre de la propiedad DrawRegions de List2 no es válido.
Línea 30: el nombre de la propiedad EnableVirtualMsgs de List2 no es válido.
Línea 31: el nombre de la propiedad ExtendedSelect de List2 no es válido.
Línea 32: el nombre de la propiedad FallColor de List2 no es válido.
Línea 33: el nombre de la propiedad FindDirection de List2 no es válido.
Línea 34: el nombre de la propiedad FindResult de List2 no es válido.
Línea 41: el nombre de la propiedad GridColor de List2 no es válido.
Línea 42: el nombre de la propiedad GridStyle de List2 no es válido.
Línea 44: el nombre de la propiedad HiliteBackColor de List2 no es válido.
Línea 45: el nombre de la propiedad HiliteForeColor de List2 no es válido.
Línea 46: el nombre de la propiedad HorizontalGrids de List2 no es válido.
Línea 47: el nombre de la propiedad ImageRegion de List2 no es válido.
Línea 48: el nombre de la propiedad ImageType de List2 no es válido.
Línea 49: el nombre de la propiedad ItemHeight de List2 no es válido.
Línea 50: el nombre de la propiedad ItemWidth de List2 no es válido.
Línea 52: el nombre de la propiedad ListBoxStyle de List2 no es válido.
Línea 53: el nombre de la propiedad MaskingColor de List2 no es válido.
Línea 54: el nombre de la propiedad MultiColumn de List2 no es válido.
Línea 55: el nombre de la propiedad MultiSelect de List2 no es válido.
Línea 56: el nombre de la propiedad NoIntegralHeight de List2 no es válido.
Línea 57: el nombre de la propiedad OwnerCompare de List2 no es válido.
Línea 58: el nombre de la propiedad OwnerDraw de List2 no es válido.
Línea 59: el nombre de la propiedad RiseColor de List2 no es válido.
Línea 60: el nombre de la propiedad SearchCompare de List2 no es válido.
Línea 61: el nombre de la propiedad SelectMode de List2 no es válido.
Línea 62: el nombre de la propiedad SortColumn de List2 no es válido.
Línea 63: el nombre de la propiedad Sorted de List2 no es válido.
Línea 64: el nombre de la propiedad SortOrder de List2 no es válido.
Línea 65: el nombre de la propiedad StringCompare de List2 no es válido.
Línea 68: el nombre de la propiedad Version de List2 no es válido.
Línea 69: el nombre de la propiedad VerticalGrids de List2 no es válido.
Línea 70: el nombre de la propiedad VirtualMsgZone de List2 no es válido.
Línea 74: el nombre de la propiedad BevelWidth de btn no es válido.
Línea 75: el nombre de la propiedad Caption de btn no es válido.
Línea 86: el nombre de la propiedad Outline de btn no es válido.
Línea 92: el nombre de la propiedad BevelWidth de btn no es válido.
Línea 93: el nombre de la propiedad Caption de btn no es válido.
Línea 104: el nombre de la propiedad Outline de btn no es válido.
Línea 110: el nombre de la propiedad BevelWidth de btn no es válido.
Línea 111: el nombre de la propiedad Caption de btn no es válido.
Línea 122: el nombre de la propiedad Outline de btn no es válido.
Línea 128: el nombre de la propiedad BevelWidth de btn no es válido.
Línea 129: el nombre de la propiedad Caption de btn no es válido.
Línea 140: el nombre de la propiedad Outline de btn no es válido.
Línea 146: el nombre de la propiedad BevelWidth de btn no es válido.
Línea 147: el nombre de la propiedad Caption de btn no es válido.
Línea 158: el nombre de la propiedad Outline de btn no es válido.
Línea 164: el nombre de la propiedad BevelWidth de btn no es válido.
Línea 165: el nombre de la propiedad Caption de btn no es válido.
Línea 176: el nombre de la propiedad Outline de btn no es válido.
Línea 182: el nombre de la propiedad BevelWidth de btn no es válido.
Línea 183: el nombre de la propiedad Caption de btn no es válido.
Línea 194: el nombre de la propiedad Outline de btn no es válido.
Línea 200: el nombre de la propiedad AddItemHeight de List1 no es válido.
Línea 201: el nombre de la propiedad Alignment de List1 no es válido.
Línea 202: el nombre de la propiedad AllowFocusRect de List1 no es válido.
Línea 203: el nombre de la propiedad AutoCheck de List1 no es válido.
Línea 205: el nombre de la propiedad CheckColor de List1 no es válido.
Línea 206: el nombre de la propiedad CheckStyle de List1 no es válido.
Línea 207: el nombre de la propiedad DefPicture de List1 no es válido.
Línea 208: el nombre de la propiedad DrawRegions de List1 no es válido.
Línea 209: el nombre de la propiedad EnableVirtualMsgs de List1 no es válido.
Línea 210: el nombre de la propiedad ExtendedSelect de List1 no es válido.
Línea 211: el nombre de la propiedad FallColor de List1 no es válido.
Línea 212: el nombre de la propiedad FindDirection de List1 no es válido.
Línea 213: el nombre de la propiedad FindResult de List1 no es válido.
Línea 220: el nombre de la propiedad GridColor de List1 no es válido.
Línea 221: el nombre de la propiedad GridStyle de List1 no es válido.
Línea 223: el nombre de la propiedad HiliteBackColor de List1 no es válido.
Línea 224: el nombre de la propiedad HiliteForeColor de List1 no es válido.
Línea 225: el nombre de la propiedad HorizontalGrids de List1 no es válido.
Línea 226: el nombre de la propiedad ImageRegion de List1 no es válido.
Línea 227: el nombre de la propiedad ImageType de List1 no es válido.
Línea 228: el nombre de la propiedad ItemHeight de List1 no es válido.
Línea 229: el nombre de la propiedad ItemWidth de List1 no es válido.
Línea 231: el nombre de la propiedad ListBoxStyle de List1 no es válido.
Línea 232: el nombre de la propiedad MaskingColor de List1 no es válido.
Línea 233: el nombre de la propiedad MultiColumn de List1 no es válido.
Línea 234: el nombre de la propiedad MultiSelect de List1 no es válido.
Línea 235: el nombre de la propiedad NoIntegralHeight de List1 no es válido.
Línea 236: el nombre de la propiedad OwnerCompare de List1 no es válido.
Línea 237: el nombre de la propiedad OwnerDraw de List1 no es válido.
Línea 238: el nombre de la propiedad RiseColor de List1 no es válido.
Línea 239: el nombre de la propiedad SearchCompare de List1 no es válido.
Línea 240: el nombre de la propiedad SelectMode de List1 no es válido.
Línea 241: el nombre de la propiedad SortColumn de List1 no es válido.
Línea 242: el nombre de la propiedad Sorted de List1 no es válido.
Línea 243: el nombre de la propiedad SortOrder de List1 no es válido.
Línea 244: el nombre de la propiedad StringCompare de List1 no es válido.
Línea 247: el nombre de la propiedad Version de List1 no es válido.
Línea 248: el nombre de la propiedad VerticalGrids de List1 no es válido.
Línea 249: el nombre de la propiedad VirtualMsgZone de List1 no es válido.
